<?xml version="1.0" encoding="UTF-8"?>
<testng-results ignored="0" total="1" passed="1" failed="0" skipped="0">
  <reporter-output>
  </reporter-output>
  <suite started-at="2021-08-05T15:41:25 IST" name="Suite" finished-at="2021-08-05T15:43:31 IST" duration-ms="125563">
    <groups>
    </groups>
    <test started-at="2021-08-05T15:41:25 IST" name="Test" finished-at="2021-08-05T15:43:31 IST" duration-ms="125563">
      <class name="test.TestClass">
        <test-method is-config="true" signature="beforesuite()[pri:0, instance:test.TestClass@6392827e]" started-at="2021-08-05T15:41:25 IST" name="beforesuite" finished-at="2021-08-05T15:41:25 IST" duration-ms="32" status="PASS">
          <reporter-output>
          </reporter-output>
        </test-method> <!-- beforesuite -->
        <test-method is-config="true" signature="launchbrower()[pri:0, instance:test.TestClass@6392827e]" started-at="2021-08-05T15:41:25 IST" name="launchbrower" finished-at="2021-08-05T15:41:31 IST" duration-ms="5642" status="PASS">
          <reporter-output>
          </reporter-output>
        </test-method> <!-- launchbrower -->
        <test-method is-config="true" signature="objects()[pri:0, instance:test.TestClass@6392827e]" started-at="2021-08-05T15:41:31 IST" name="objects" finished-at="2021-08-05T15:41:31 IST" duration-ms="185" status="PASS">
          <reporter-output>
          </reporter-output>
        </test-method> <!-- objects -->
        <test-method is-config="true" signature="geturl()[pri:0, instance:test.TestClass@6392827e]" started-at="2021-08-05T15:41:31 IST" name="geturl" finished-at="2021-08-05T15:42:14 IST" duration-ms="42295" status="PASS">
          <reporter-output>
          </reporter-output>
        </test-method> <!-- geturl -->
        <test-method signature="creditcard()[pri:0, instance:test.TestClass@6392827e]" started-at="2021-08-05T15:42:14 IST" name="creditcard" finished-at="2021-08-05T15:43:31 IST" duration-ms="77214" status="PASS">
          <reporter-output>
          </reporter-output>
        </test-method> <!-- creditcard -->
        <test-method is-config="true" signature="aftermethod()[pri:0, instance:test.TestClass@6392827e]" started-at="2021-08-05T15:43:31 IST" name="aftermethod" finished-at="2021-08-05T15:43:31 IST" duration-ms="1" status="PASS">
          <reporter-output>
          </reporter-output>
        </test-method> <!-- aftermethod -->
        <test-method is-config="true" signature="close()[pri:0, instance:test.TestClass@6392827e]" started-at="2021-08-05T15:43:31 IST" name="close" finished-at="2021-08-05T15:43:31 IST" duration-ms="1" status="PASS">
          <reporter-output>
          </reporter-output>
        </test-method> <!-- close -->
        <test-method is-config="true" signature="aftertest()[pri:0, instance:test.TestClass@6392827e]" started-at="2021-08-05T15:43:31 IST" name="aftertest" finished-at="2021-08-05T15:43:31 IST" duration-ms="3" status="PASS">
          <reporter-output>
          </reporter-output>
        </test-method> <!-- aftertest -->
        <test-method is-config="true" signature="aftersuite()[pri:0, instance:test.TestClass@6392827e]" started-at="2021-08-05T15:43:31 IST" name="aftersuite" finished-at="2021-08-05T15:43:31 IST" duration-ms="0" status="PASS">
          <reporter-output>
          </reporter-output>
        </test-method> <!-- aftersuite -->
      </class> <!-- test.TestClass -->
    </test> <!-- Test -->
  </suite> <!-- Suite -->
</testng-results>
